<?xml version="1.0" encoding="UTF-8"?>
<robot generator="Robot 3.2.2 (Python 3.9.2 on win32)" generated="20210420 15:25:40.451" rpa="false">
<suite id="s1" name="JenkinsTest" source="C:\Users\jeffe\git\RoboSumTest\JenkinsTest">
<suite id="s1-s1" name="RoboJenkins" source="C:\Users\jeffe\git\RoboSumTest\JenkinsTest\RoboJenkins">
<suite id="s1-s1-s1" name="JenkinsRun" source="C:\Users\jeffe\git\RoboSumTest\JenkinsTest\RoboJenkins\JenkinsRun.robot">
<test id="s1-s1-s1-t1" name="JenkinsTest">
<kw name="RandomSummarizeKW">
<kw name="Evaluate" library="BuiltIn">
<doc>Evaluates the given expression in Python and returns the result.</doc>
<arguments>
<arg>random.sample(range(1,11),4)</arg>
<arg>random</arg>
</arguments>
<assign>
<var>@{Numbers}</var>
</assign>
<msg timestamp="20210420 15:25:41.954" level="INFO">@{Numbers} = [ 3 | 2 | 7 | 10 ]</msg>
<status status="PASS" starttime="20210420 15:25:41.952" endtime="20210420 15:25:41.955"></status>
</kw>
<kw name="Evaluate" library="BuiltIn">
<doc>Evaluates the given expression in Python and returns the result.</doc>
<arguments>
<arg>${Numbers}[0]+${Numbers}[1]+${Numbers}[2]+${Numbers}[3]</arg>
</arguments>
<assign>
<var>${Sum}</var>
</assign>
<msg timestamp="20210420 15:25:41.962" level="INFO">${Sum} = 22</msg>
<status status="PASS" starttime="20210420 15:25:41.956" endtime="20210420 15:25:41.962"></status>
</kw>
<kw name="Set Variable" library="BuiltIn">
<doc>Returns the given values which can then be assigned to a variables.</doc>
<arguments>
<arg>20</arg>
</arguments>
<assign>
<var>${Test}</var>
</assign>
<msg timestamp="20210420 15:25:41.964" level="INFO">${Test} = 20</msg>
<status status="PASS" starttime="20210420 15:25:41.963" endtime="20210420 15:25:41.964"></status>
</kw>
<kw name="Evaluate" library="BuiltIn">
<doc>Evaluates the given expression in Python and returns the result.</doc>
<arguments>
<arg>${Sum}&gt;=${Test}</arg>
</arguments>
<assign>
<var>${Result}</var>
</assign>
<msg timestamp="20210420 15:25:41.968" level="INFO">${Result} = True</msg>
<status status="PASS" starttime="20210420 15:25:41.965" endtime="20210420 15:25:41.968"></status>
</kw>
<kw name="Run Keyword If" library="BuiltIn">
<doc>Runs the given keyword with the given arguments, if ``condition`` is true.</doc>
<arguments>
<arg>${Result}==False</arg>
<arg>LogIfFailKW</arg>
</arguments>
<status status="PASS" starttime="20210420 15:25:41.969" endtime="20210420 15:25:41.970"></status>
</kw>
<kw name="Run Keyword If" library="BuiltIn">
<doc>Runs the given keyword with the given arguments, if ``condition`` is true.</doc>
<arguments>
<arg>${Result}==False</arg>
<arg>fail</arg>
</arguments>
<status status="PASS" starttime="20210420 15:25:41.971" endtime="20210420 15:25:41.972"></status>
</kw>
<status status="PASS" starttime="20210420 15:25:41.950" endtime="20210420 15:25:41.973"></status>
</kw>
<status status="PASS" starttime="20210420 15:25:41.948" endtime="20210420 15:25:41.974" critical="yes"></status>
</test>
<status status="PASS" starttime="20210420 15:25:40.969" endtime="20210420 15:25:41.980"></status>
</suite>
<status status="PASS" starttime="20210420 15:25:40.931" endtime="20210420 15:25:41.992"></status>
</suite>
<status status="PASS" starttime="20210420 15:25:40.789" endtime="20210420 15:25:41.995"></status>
</suite>
<statistics>
<total>
<stat pass="1" fail="0">Critical Tests</stat>
<stat pass="1" fail="0">All Tests</stat>
</total>
<tag>
</tag>
<suite>
<stat pass="1" fail="0" id="s1" name="JenkinsTest">JenkinsTest</stat>
<stat pass="1" fail="0" id="s1-s1" name="RoboJenkins">JenkinsTest.RoboJenkins</stat>
<stat pass="1" fail="0" id="s1-s1-s1" name="JenkinsRun">JenkinsTest.RoboJenkins.JenkinsRun</stat>
</suite>
</statistics>
<errors>
</errors>
</robot>
